<?xml version="1.0" encoding="UTF-8"?>
<testng-results ignored="0" total="2" passed="2" failed="0" skipped="0">
  <reporter-output>
  </reporter-output>
  <suite started-at="2024-09-18T17:13:33Z" name="Default suite" finished-at="2024-09-18T17:13:40Z" duration-ms="7242">
    <groups>
    </groups>
    <test started-at="2024-09-18T17:13:33Z" name="Default test" finished-at="2024-09-18T17:13:40Z" duration-ms="7242">
      <class name="testCases.UpdateAccount">
        <test-method signature="updateAccount()[pri:1, instance:testCases.UpdateAccount@3fc08eec]" started-at="2024-09-18T17:13:33Z" name="updateAccount" finished-at="2024-09-18T17:13:38Z" duration-ms="5352" status="PASS">
          <reporter-output>
          </reporter-output>
        </test-method> <!-- updateAccount -->
        <test-method signature="getSingleAccountInfo()[pri:2, instance:testCases.UpdateAccount@3fc08eec]" started-at="2024-09-18T17:13:38Z" name="getSingleAccountInfo" finished-at="2024-09-18T17:13:40Z" duration-ms="1858" status="PASS">
          <reporter-output>
          </reporter-output>
        </test-method> <!-- getSingleAccountInfo -->
      </class> <!-- testCases.UpdateAccount -->
    </test> <!-- Default test -->
  </suite> <!-- Default suite -->
</testng-results>
